<?xml version="1.0" encoding="UTF-8"?>
<testng-results ignored="0" total="1" passed="1" failed="0" skipped="0">
  <reporter-output>
  </reporter-output>
  <suite started-at="2021-11-01T10:09:00 IST" name="Default suite" finished-at="2021-11-01T10:09:00 IST" duration-ms="82">
    <groups>
    </groups>
    <test started-at="2021-11-01T10:09:00 IST" name="Default test" finished-at="2021-11-01T10:09:00 IST" duration-ms="82">
      <class name="testNG.HardAssert">
        <test-method signature="Hard()[pri:0, instance:testNG.HardAssert@6b8ca3c8]" started-at="2021-11-01T10:09:00 IST" name="Hard" finished-at="2021-11-01T10:09:00 IST" duration-ms="16" status="PASS">
          <reporter-output>
          </reporter-output>
        </test-method> <!-- Hard -->
      </class> <!-- testNG.HardAssert -->
    </test> <!-- Default test -->
  </suite> <!-- Default suite -->
</testng-results>
