<?xml version="1.0" encoding="UTF-8"?>
<!-- Generated by org.testng.reporters.JUnitXMLReporter -->
<testsuite ignored="3" hostname="LAPTOP-QUT8TOQC" failures="0" tests="1" name="Test" time="0.071" errors="0" timestamp="2021-10-29T10:51:04 IST">
  <testcase classname="testNG.Group1" name="sample1" time="0.012"/>
  <testcase classname="testNG.Group2" name="sample1" time="0.0">
    <ignored/>
  </testcase> <!-- sample1 -->
  <testcase classname="testNG.Group2" name="sample" time="0.0">
    <ignored/>
  </testcase> <!-- sample -->
  <testcase classname="testNG.Group1" name="sample" time="0.0">
    <ignored/>
  </testcase> <!-- sample -->
</testsuite> <!-- Test -->
